2025-01-24 15:39:14,440 - INFO - Selected folder: C:/Users/Jerry Fu/Documents/GitHub/EMGdecomPy, all log files will be saved in this directory
2025-01-24 15:39:23,954 - INFO - Selected folder: C:/Users/Jerry Fu/Documents/nmi_dataset/raw/Experimental_data_Raw for raw data
2025-01-24 15:39:32,932 - INFO - Selected files: ['GL_10.mat', 'GL_30.mat', 'GL_50.mat', 'GL_70.mat', 'GM_10.mat', 'GM_30.mat', 'GM_50.mat', 'GM_70.mat', 'TA_35.mat', 'TA_50.mat', 'TA_70.mat']
2025-01-24 15:39:38,423 - INFO - Processing file: GL_10.mat
2025-01-24 15:39:38,757 - INFO - Sampling rate: [[2048]]
2025-01-24 15:39:38,767 - INFO - Will run decomposition for 50 iterations
2025-01-24 15:39:38,767 - INFO - Minimum PNR: [33.8 39.8 32.  38.5 27.1]
2025-01-24 15:39:42,179 - INFO - Centred.
2025-01-24 15:39:42,789 - INFO - Extended.
2025-01-24 15:39:46,966 - INFO - Whitened.
2025-01-24 15:39:47,135 - INFO - 
Iteration 0
2025-01-24 15:39:48,580 - INFO - Warning in iteration 0: One or more sample arguments is too small; all returned values will be NaN. See documentation for sample size requirements.
2025-01-24 15:39:48,623 - INFO - Warning in iteration 0: One or more sample arguments is too small; all returned values will be NaN. See documentation for sample size requirements.
2025-01-24 15:39:48,666 - INFO - Warning in iteration 0: One or more sample arguments is too small; all returned values will be NaN. See documentation for sample size requirements.
2025-01-24 15:39:48,710 - INFO - Warning in iteration 0: One or more sample arguments is too small; all returned values will be NaN. See documentation for sample size requirements.
2025-01-24 15:39:48,753 - INFO - Warning in iteration 0: One or more sample arguments is too small; all returned values will be NaN. See documentation for sample size requirements.
2025-01-24 15:39:48,796 - INFO - Warning in iteration 0: One or more sample arguments is too small; all returned values will be NaN. See documentation for sample size requirements.
2025-01-24 15:39:48,842 - INFO - Warning in iteration 0: One or more sample arguments is too small; all returned values will be NaN. See documentation for sample size requirements.
2025-01-24 15:39:48,888 - INFO - Warning in iteration 0: One or more sample arguments is too small; all returned values will be NaN. See documentation for sample size requirements.
2025-01-24 15:39:48,930 - INFO - Warning in iteration 0: One or more sample arguments is too small; all returned values will be NaN. See documentation for sample size requirements.
2025-01-24 15:39:48,972 - INFO - Warning in iteration 0: One or more sample arguments is too small; all returned values will be NaN. See documentation for sample size requirements.
2025-01-24 15:39:48,976 - INFO - For iteration 0, silhouette score is 0.9990795845065936
2025-01-24 15:39:48,978 - INFO - For iteration 0, pulse-to-noise ratio is 30.24664684037177
2025-01-24 15:39:48,978 - INFO - Using PNR as acceptance criterion
2025-01-24 15:39:48,978 - INFO - For iteration 0
2025-01-24 15:39:48,978 - INFO - cv_curr = 0
2025-01-24 15:39:48,978 - INFO - cv_prev = 0
2025-01-24 15:39:48,979 - INFO - Reason: cv_curr is 0
2025-01-24 15:39:48,989 - INFO - 
Iteration 1
2025-01-24 15:39:51,010 - INFO - Warning in iteration 1: One or more sample arguments is too small; all returned values will be NaN. See documentation for sample size requirements.
2025-01-24 15:39:51,050 - INFO - Warning in iteration 1: One or more sample arguments is too small; all returned values will be NaN. See documentation for sample size requirements.
2025-01-24 15:39:51,097 - INFO - Warning in iteration 1: One or more sample arguments is too small; all returned values will be NaN. See documentation for sample size requirements.
2025-01-24 15:39:51,144 - INFO - Warning in iteration 1: One or more sample arguments is too small; all returned values will be NaN. See documentation for sample size requirements.
2025-01-24 15:39:51,189 - INFO - Warning in iteration 1: One or more sample arguments is too small; all returned values will be NaN. See documentation for sample size requirements.
2025-01-24 15:39:51,236 - INFO - Warning in iteration 1: One or more sample arguments is too small; all returned values will be NaN. See documentation for sample size requirements.
2025-01-24 15:39:51,278 - INFO - Warning in iteration 1: One or more sample arguments is too small; all returned values will be NaN. See documentation for sample size requirements.
2025-01-24 15:39:51,322 - INFO - Warning in iteration 1: One or more sample arguments is too small; all returned values will be NaN. See documentation for sample size requirements.
2025-01-24 15:39:51,371 - INFO - Warning in iteration 1: One or more sample arguments is too small; all returned values will be NaN. See documentation for sample size requirements.
2025-01-24 15:39:51,416 - INFO - Warning in iteration 1: One or more sample arguments is too small; all returned values will be NaN. See documentation for sample size requirements.
2025-01-24 15:39:51,419 - INFO - For iteration 1, silhouette score is 0.998940263707347
2025-01-24 15:39:51,420 - INFO - For iteration 1, pulse-to-noise ratio is 29.640926162727446
2025-01-24 15:39:51,420 - INFO - Using PNR as acceptance criterion
2025-01-24 15:39:51,420 - INFO - For iteration 1
2025-01-24 15:39:51,420 - INFO - cv_curr = 0
2025-01-24 15:39:51,421 - INFO - cv_prev = 0
2025-01-24 15:39:51,421 - INFO - Reason: cv_curr is 0
2025-01-24 15:39:51,431 - INFO - 
Iteration 2
2025-01-24 15:39:57,623 - INFO - For iteration 2, silhouette score is 0.9722261419287462
2025-01-24 15:39:57,624 - INFO - For iteration 2, pulse-to-noise ratio is 16.090872520447032
2025-01-24 15:39:57,624 - INFO - Using PNR as acceptance criterion
2025-01-24 15:39:57,625 - INFO - For iteration 2
2025-01-24 15:39:57,625 - INFO - cv_curr = 1.5265389171112256
2025-01-24 15:39:57,625 - INFO - cv_prev = 0.9552235984638521
2025-01-24 15:39:57,625 - INFO - Reason: score is below threshold
2025-01-24 15:39:57,637 - INFO - 
Iteration 3
2025-01-24 15:40:00,415 - INFO - For iteration 3, silhouette score is 0.9966408627370141
2025-01-24 15:40:00,416 - INFO - For iteration 3, pulse-to-noise ratio is 25.886305250334505
2025-01-24 15:40:00,416 - INFO - Using PNR as acceptance criterion
2025-01-24 15:40:00,417 - INFO - For iteration 3
2025-01-24 15:40:00,417 - INFO - cv_curr = 6.567569811053764
2025-01-24 15:40:00,417 - INFO - cv_prev = 6.567569486217363
2025-01-24 15:40:00,417 - INFO - Extracted source at iteration 3.
2025-01-24 15:40:00,429 - INFO - 
Iteration 4
2025-01-24 15:40:01,803 - INFO - Warning in iteration 4: One or more sample arguments is too small; all returned values will be NaN. See documentation for sample size requirements.
2025-01-24 15:40:01,852 - INFO - Warning in iteration 4: One or more sample arguments is too small; all returned values will be NaN. See documentation for sample size requirements.
2025-01-24 15:40:01,900 - INFO - Warning in iteration 4: One or more sample arguments is too small; all returned values will be NaN. See documentation for sample size requirements.
2025-01-24 15:40:01,944 - INFO - Warning in iteration 4: One or more sample arguments is too small; all returned values will be NaN. See documentation for sample size requirements.
2025-01-24 15:40:01,997 - INFO - Warning in iteration 4: One or more sample arguments is too small; all returned values will be NaN. See documentation for sample size requirements.
2025-01-24 15:40:02,048 - INFO - Warning in iteration 4: One or more sample arguments is too small; all returned values will be NaN. See documentation for sample size requirements.
2025-01-24 15:40:02,102 - INFO - Warning in iteration 4: One or more sample arguments is too small; all returned values will be NaN. See documentation for sample size requirements.
2025-01-24 15:40:02,149 - INFO - Warning in iteration 4: One or more sample arguments is too small; all returned values will be NaN. See documentation for sample size requirements.
2025-01-24 15:40:02,197 - INFO - Warning in iteration 4: One or more sample arguments is too small; all returned values will be NaN. See documentation for sample size requirements.
2025-01-24 15:40:02,241 - INFO - Warning in iteration 4: One or more sample arguments is too small; all returned values will be NaN. See documentation for sample size requirements.
2025-01-24 15:40:02,244 - INFO - For iteration 4, silhouette score is 0.9991171347781178
2025-01-24 15:40:02,245 - INFO - For iteration 4, pulse-to-noise ratio is 30.45227978137506
2025-01-24 15:40:02,245 - INFO - Using PNR as acceptance criterion
2025-01-24 15:40:02,246 - INFO - For iteration 4
2025-01-24 15:40:02,246 - INFO - cv_curr = 0
2025-01-24 15:40:02,246 - INFO - cv_prev = 0
2025-01-24 15:40:02,246 - INFO - Reason: cv_curr is 0
2025-01-24 15:40:02,255 - INFO - 
Iteration 5
2025-01-24 15:40:09,291 - INFO - For iteration 5, silhouette score is 0.9935915202455085
2025-01-24 15:40:09,292 - INFO - For iteration 5, pulse-to-noise ratio is 22.65401149977561
2025-01-24 15:40:09,292 - INFO - Using PNR as acceptance criterion
2025-01-24 15:40:09,292 - INFO - For iteration 5
2025-01-24 15:40:09,292 - INFO - cv_curr = 2.312137587780142
2025-01-24 15:40:09,293 - INFO - cv_prev = 2.312137587780142
2025-01-24 15:40:09,293 - INFO - Extracted source at iteration 5.
2025-01-24 15:40:09,304 - INFO - 
Iteration 6
2025-01-24 15:40:10,631 - INFO - Warning in iteration 6: One or more sample arguments is too small; all returned values will be NaN. See documentation for sample size requirements.
2025-01-24 15:40:10,674 - INFO - Warning in iteration 6: One or more sample arguments is too small; all returned values will be NaN. See documentation for sample size requirements.
2025-01-24 15:40:10,725 - INFO - Warning in iteration 6: One or more sample arguments is too small; all returned values will be NaN. See documentation for sample size requirements.
2025-01-24 15:40:10,770 - INFO - Warning in iteration 6: One or more sample arguments is too small; all returned values will be NaN. See documentation for sample size requirements.
2025-01-24 15:40:10,820 - INFO - Warning in iteration 6: One or more sample arguments is too small; all returned values will be NaN. See documentation for sample size requirements.
2025-01-24 15:40:10,866 - INFO - Warning in iteration 6: One or more sample arguments is too small; all returned values will be NaN. See documentation for sample size requirements.
2025-01-24 15:40:10,909 - INFO - Warning in iteration 6: One or more sample arguments is too small; all returned values will be NaN. See documentation for sample size requirements.
2025-01-24 15:40:10,957 - INFO - Warning in iteration 6: One or more sample arguments is too small; all returned values will be NaN. See documentation for sample size requirements.
2025-01-24 15:40:11,003 - INFO - Warning in iteration 6: One or more sample arguments is too small; all returned values will be NaN. See documentation for sample size requirements.
2025-01-24 15:40:11,047 - INFO - Warning in iteration 6: One or more sample arguments is too small; all returned values will be NaN. See documentation for sample size requirements.
2025-01-24 15:40:11,051 - INFO - For iteration 6, silhouette score is 0.9991143313584567
2025-01-24 15:40:11,052 - INFO - For iteration 6, pulse-to-noise ratio is 30.420765864382155
2025-01-24 15:40:11,052 - INFO - Using PNR as acceptance criterion
2025-01-24 15:40:11,052 - INFO - For iteration 6
2025-01-24 15:40:11,052 - INFO - cv_curr = 0
2025-01-24 15:40:11,052 - INFO - cv_prev = 0
2025-01-24 15:40:11,053 - INFO - Reason: cv_curr is 0
2025-01-24 15:40:11,067 - INFO - 
Iteration 7
2025-01-24 15:40:12,402 - INFO - Warning in iteration 7: One or more sample arguments is too small; all returned values will be NaN. See documentation for sample size requirements.
2025-01-24 15:40:12,447 - INFO - Warning in iteration 7: One or more sample arguments is too small; all returned values will be NaN. See documentation for sample size requirements.
2025-01-24 15:40:12,491 - INFO - Warning in iteration 7: One or more sample arguments is too small; all returned values will be NaN. See documentation for sample size requirements.
2025-01-24 15:40:12,539 - INFO - Warning in iteration 7: One or more sample arguments is too small; all returned values will be NaN. See documentation for sample size requirements.
2025-01-24 15:40:12,582 - INFO - Warning in iteration 7: One or more sample arguments is too small; all returned values will be NaN. See documentation for sample size requirements.
2025-01-24 15:40:12,630 - INFO - Warning in iteration 7: One or more sample arguments is too small; all returned values will be NaN. See documentation for sample size requirements.
2025-01-24 15:40:12,672 - INFO - Warning in iteration 7: One or more sample arguments is too small; all returned values will be NaN. See documentation for sample size requirements.
2025-01-24 15:40:12,718 - INFO - Warning in iteration 7: One or more sample arguments is too small; all returned values will be NaN. See documentation for sample size requirements.
2025-01-24 15:40:12,763 - INFO - Warning in iteration 7: One or more sample arguments is too small; all returned values will be NaN. See documentation for sample size requirements.
2025-01-24 15:40:12,808 - INFO - Warning in iteration 7: One or more sample arguments is too small; all returned values will be NaN. See documentation for sample size requirements.
2025-01-24 15:40:12,813 - INFO - For iteration 7, silhouette score is 0.9990546117806691
2025-01-24 15:40:12,814 - INFO - For iteration 7, pulse-to-noise ratio is 30.135973772306873
2025-01-24 15:40:12,814 - INFO - Using PNR as acceptance criterion
2025-01-24 15:40:12,814 - INFO - For iteration 7
2025-01-24 15:40:12,815 - INFO - cv_curr = 0
2025-01-24 15:40:12,815 - INFO - cv_prev = 0
2025-01-24 15:40:12,815 - INFO - Reason: cv_curr is 0
2025-01-24 15:40:12,825 - INFO - 
Iteration 8
2025-01-24 15:40:14,854 - INFO - Warning in iteration 8: One or more sample arguments is too small; all returned values will be NaN. See documentation for sample size requirements.
2025-01-24 15:40:14,902 - INFO - Warning in iteration 8: One or more sample arguments is too small; all returned values will be NaN. See documentation for sample size requirements.
2025-01-24 15:40:14,946 - INFO - Warning in iteration 8: One or more sample arguments is too small; all returned values will be NaN. See documentation for sample size requirements.
2025-01-24 15:40:14,989 - INFO - Warning in iteration 8: One or more sample arguments is too small; all returned values will be NaN. See documentation for sample size requirements.
2025-01-24 15:40:15,038 - INFO - Warning in iteration 8: One or more sample arguments is too small; all returned values will be NaN. See documentation for sample size requirements.
2025-01-24 15:40:15,095 - INFO - Warning in iteration 8: One or more sample arguments is too small; all returned values will be NaN. See documentation for sample size requirements.
2025-01-24 15:40:15,144 - INFO - Warning in iteration 8: One or more sample arguments is too small; all returned values will be NaN. See documentation for sample size requirements.
2025-01-24 15:40:15,187 - INFO - Warning in iteration 8: One or more sample arguments is too small; all returned values will be NaN. See documentation for sample size requirements.
2025-01-24 15:40:15,236 - INFO - Warning in iteration 8: One or more sample arguments is too small; all returned values will be NaN. See documentation for sample size requirements.
2025-01-24 15:40:15,282 - INFO - Warning in iteration 8: One or more sample arguments is too small; all returned values will be NaN. See documentation for sample size requirements.
2025-01-24 15:40:15,285 - INFO - For iteration 8, silhouette score is 0.9990269873684546
2025-01-24 15:40:15,286 - INFO - For iteration 8, pulse-to-noise ratio is 30.017591113229788
2025-01-24 15:40:15,286 - INFO - Using PNR as acceptance criterion
2025-01-24 15:40:15,287 - INFO - For iteration 8
2025-01-24 15:40:15,287 - INFO - cv_curr = 0
2025-01-24 15:40:15,287 - INFO - cv_prev = 0
2025-01-24 15:40:15,287 - INFO - Reason: cv_curr is 0
2025-01-24 15:40:15,296 - INFO - 
Iteration 9
2025-01-24 15:40:16,595 - INFO - Warning in iteration 9: One or more sample arguments is too small; all returned values will be NaN. See documentation for sample size requirements.
2025-01-24 15:40:16,640 - INFO - Warning in iteration 9: One or more sample arguments is too small; all returned values will be NaN. See documentation for sample size requirements.
2025-01-24 15:40:16,684 - INFO - Warning in iteration 9: One or more sample arguments is too small; all returned values will be NaN. See documentation for sample size requirements.
2025-01-24 15:40:16,730 - INFO - Warning in iteration 9: One or more sample arguments is too small; all returned values will be NaN. See documentation for sample size requirements.
2025-01-24 15:40:16,774 - INFO - Warning in iteration 9: One or more sample arguments is too small; all returned values will be NaN. See documentation for sample size requirements.
2025-01-24 15:40:16,818 - INFO - Warning in iteration 9: One or more sample arguments is too small; all returned values will be NaN. See documentation for sample size requirements.
2025-01-24 15:40:16,863 - INFO - Warning in iteration 9: One or more sample arguments is too small; all returned values will be NaN. See documentation for sample size requirements.
2025-01-24 15:40:16,907 - INFO - Warning in iteration 9: One or more sample arguments is too small; all returned values will be NaN. See documentation for sample size requirements.
2025-01-24 15:40:16,954 - INFO - Warning in iteration 9: One or more sample arguments is too small; all returned values will be NaN. See documentation for sample size requirements.
2025-01-24 15:40:17,001 - INFO - Warning in iteration 9: One or more sample arguments is too small; all returned values will be NaN. See documentation for sample size requirements.
2025-01-24 15:40:17,006 - INFO - For iteration 9, silhouette score is 0.9990688253811156
2025-01-24 15:40:17,008 - INFO - For iteration 9, pulse-to-noise ratio is 30.212015874228452
2025-01-24 15:40:17,008 - INFO - Using PNR as acceptance criterion
2025-01-24 15:40:17,008 - INFO - For iteration 9
2025-01-24 15:40:17,008 - INFO - cv_curr = 0
2025-01-24 15:40:17,008 - INFO - cv_prev = 0
2025-01-24 15:40:17,008 - INFO - Reason: cv_curr is 0
2025-01-24 15:40:17,023 - INFO - 
Iteration 10
2025-01-24 15:40:19,095 - INFO - For iteration 10, silhouette score is 0.9417377902807047
2025-01-24 15:40:19,096 - INFO - For iteration 10, pulse-to-noise ratio is 12.607756970276402
2025-01-24 15:40:19,096 - INFO - Using PNR as acceptance criterion
2025-01-24 15:40:19,097 - INFO - For iteration 10
2025-01-24 15:40:19,097 - INFO - cv_curr = 2.12190708347408
2025-01-24 15:40:19,097 - INFO - cv_prev = 0.8705269580951999
2025-01-24 15:40:19,097 - INFO - Reason: score is below threshold
2025-01-24 15:40:19,108 - INFO - 
Iteration 11
2025-01-24 15:40:23,576 - INFO - For iteration 11, silhouette score is 0.9969254983415543
2025-01-24 15:40:23,577 - INFO - For iteration 11, pulse-to-noise ratio is 26.39087198062026
2025-01-24 15:40:23,577 - INFO - Using PNR as acceptance criterion
2025-01-24 15:40:23,577 - INFO - For iteration 11
2025-01-24 15:40:23,577 - INFO - cv_curr = 6.567564063639246
2025-01-24 15:40:23,577 - INFO - cv_prev = 6.567564063639246
2025-01-24 15:40:23,578 - INFO - Extracted source at iteration 11.
2025-01-24 15:40:23,588 - INFO - 
Iteration 12
2025-01-24 15:40:24,968 - INFO - Warning in iteration 12: One or more sample arguments is too small; all returned values will be NaN. See documentation for sample size requirements.
2025-01-24 15:40:25,016 - INFO - Warning in iteration 12: One or more sample arguments is too small; all returned values will be NaN. See documentation for sample size requirements.
2025-01-24 15:40:25,064 - INFO - Warning in iteration 12: One or more sample arguments is too small; all returned values will be NaN. See documentation for sample size requirements.
2025-01-24 15:40:25,107 - INFO - Warning in iteration 12: One or more sample arguments is too small; all returned values will be NaN. See documentation for sample size requirements.
2025-01-24 15:40:25,157 - INFO - Warning in iteration 12: One or more sample arguments is too small; all returned values will be NaN. See documentation for sample size requirements.
2025-01-24 15:40:25,207 - INFO - Warning in iteration 12: One or more sample arguments is too small; all returned values will be NaN. See documentation for sample size requirements.
2025-01-24 15:40:25,252 - INFO - Warning in iteration 12: One or more sample arguments is too small; all returned values will be NaN. See documentation for sample size requirements.
2025-01-24 15:40:25,299 - INFO - Warning in iteration 12: One or more sample arguments is too small; all returned values will be NaN. See documentation for sample size requirements.
2025-01-24 15:40:25,348 - INFO - Warning in iteration 12: One or more sample arguments is too small; all returned values will be NaN. See documentation for sample size requirements.
2025-01-24 15:40:25,394 - INFO - Warning in iteration 12: One or more sample arguments is too small; all returned values will be NaN. See documentation for sample size requirements.
2025-01-24 15:40:25,397 - INFO - For iteration 12, silhouette score is 0.9991132496559358
2025-01-24 15:40:25,397 - INFO - For iteration 12, pulse-to-noise ratio is 30.40939086798341
2025-01-24 15:40:25,398 - INFO - Using PNR as acceptance criterion
2025-01-24 15:40:25,398 - INFO - For iteration 12
2025-01-24 15:40:25,398 - INFO - cv_curr = 0
2025-01-24 15:40:25,398 - INFO - cv_prev = 0
2025-01-24 15:40:25,398 - INFO - Reason: cv_curr is 0
2025-01-24 15:40:25,408 - INFO - 
Iteration 13
2025-01-24 15:40:26,764 - INFO - Warning in iteration 13: One or more sample arguments is too small; all returned values will be NaN. See documentation for sample size requirements.
2025-01-24 15:40:26,811 - INFO - Warning in iteration 13: One or more sample arguments is too small; all returned values will be NaN. See documentation for sample size requirements.
2025-01-24 15:40:26,853 - INFO - Warning in iteration 13: One or more sample arguments is too small; all returned values will be NaN. See documentation for sample size requirements.
2025-01-24 15:40:26,902 - INFO - Warning in iteration 13: One or more sample arguments is too small; all returned values will be NaN. See documentation for sample size requirements.
2025-01-24 15:40:26,948 - INFO - Warning in iteration 13: One or more sample arguments is too small; all returned values will be NaN. See documentation for sample size requirements.
2025-01-24 15:40:26,998 - INFO - Warning in iteration 13: One or more sample arguments is too small; all returned values will be NaN. See documentation for sample size requirements.
2025-01-24 15:40:27,048 - INFO - Warning in iteration 13: One or more sample arguments is too small; all returned values will be NaN. See documentation for sample size requirements.
2025-01-24 15:40:27,102 - INFO - Warning in iteration 13: One or more sample arguments is too small; all returned values will be NaN. See documentation for sample size requirements.
2025-01-24 15:40:27,146 - INFO - Warning in iteration 13: One or more sample arguments is too small; all returned values will be NaN. See documentation for sample size requirements.
2025-01-24 15:40:27,189 - INFO - Warning in iteration 13: One or more sample arguments is too small; all returned values will be NaN. See documentation for sample size requirements.
2025-01-24 15:40:27,193 - INFO - For iteration 13, silhouette score is 0.9991453654327574
2025-01-24 15:40:27,194 - INFO - For iteration 13, pulse-to-noise ratio is 30.603215551651182
2025-01-24 15:40:27,194 - INFO - Using PNR as acceptance criterion
2025-01-24 15:40:27,194 - INFO - For iteration 13
2025-01-24 15:40:27,194 - INFO - cv_curr = 0
2025-01-24 15:40:27,194 - INFO - cv_prev = 0
2025-01-24 15:40:27,194 - INFO - Reason: cv_curr is 0
2025-01-24 15:40:27,204 - INFO - 
Iteration 14
2025-01-24 15:40:28,535 - INFO - Warning in iteration 14: One or more sample arguments is too small; all returned values will be NaN. See documentation for sample size requirements.
2025-01-24 15:40:28,582 - INFO - Warning in iteration 14: One or more sample arguments is too small; all returned values will be NaN. See documentation for sample size requirements.
2025-01-24 15:40:28,626 - INFO - Warning in iteration 14: One or more sample arguments is too small; all returned values will be NaN. See documentation for sample size requirements.
2025-01-24 15:40:28,671 - INFO - Warning in iteration 14: One or more sample arguments is too small; all returned values will be NaN. See documentation for sample size requirements.
2025-01-24 15:40:28,717 - INFO - Warning in iteration 14: One or more sample arguments is too small; all returned values will be NaN. See documentation for sample size requirements.
2025-01-24 15:40:28,764 - INFO - Warning in iteration 14: One or more sample arguments is too small; all returned values will be NaN. See documentation for sample size requirements.
2025-01-24 15:40:28,810 - INFO - Warning in iteration 14: One or more sample arguments is too small; all returned values will be NaN. See documentation for sample size requirements.
2025-01-24 15:40:28,853 - INFO - Warning in iteration 14: One or more sample arguments is too small; all returned values will be NaN. See documentation for sample size requirements.
2025-01-24 15:40:28,900 - INFO - Warning in iteration 14: One or more sample arguments is too small; all returned values will be NaN. See documentation for sample size requirements.
2025-01-24 15:40:28,946 - INFO - Warning in iteration 14: One or more sample arguments is too small; all returned values will be NaN. See documentation for sample size requirements.
2025-01-24 15:40:28,949 - INFO - For iteration 14, silhouette score is 0.9990528425994148
2025-01-24 15:40:28,950 - INFO - For iteration 14, pulse-to-noise ratio is 30.137765470385425
2025-01-24 15:40:28,950 - INFO - Using PNR as acceptance criterion
2025-01-24 15:40:28,950 - INFO - For iteration 14
2025-01-24 15:40:28,951 - INFO - cv_curr = 0
2025-01-24 15:40:28,951 - INFO - cv_prev = 0
2025-01-24 15:40:28,951 - INFO - Reason: cv_curr is 0
2025-01-24 15:40:28,963 - INFO - 
Iteration 15
2025-01-24 15:40:30,327 - INFO - Warning in iteration 15: One or more sample arguments is too small; all returned values will be NaN. See documentation for sample size requirements.
2025-01-24 15:40:30,378 - INFO - Warning in iteration 15: One or more sample arguments is too small; all returned values will be NaN. See documentation for sample size requirements.
2025-01-24 15:40:30,425 - INFO - Warning in iteration 15: One or more sample arguments is too small; all returned values will be NaN. See documentation for sample size requirements.
2025-01-24 15:40:30,473 - INFO - Warning in iteration 15: One or more sample arguments is too small; all returned values will be NaN. See documentation for sample size requirements.
2025-01-24 15:40:30,515 - INFO - Warning in iteration 15: One or more sample arguments is too small; all returned values will be NaN. See documentation for sample size requirements.
2025-01-24 15:40:30,557 - INFO - Warning in iteration 15: One or more sample arguments is too small; all returned values will be NaN. See documentation for sample size requirements.
2025-01-24 15:40:30,601 - INFO - Warning in iteration 15: One or more sample arguments is too small; all returned values will be NaN. See documentation for sample size requirements.
2025-01-24 15:40:30,645 - INFO - Warning in iteration 15: One or more sample arguments is too small; all returned values will be NaN. See documentation for sample size requirements.
2025-01-24 15:40:30,693 - INFO - Warning in iteration 15: One or more sample arguments is too small; all returned values will be NaN. See documentation for sample size requirements.
2025-01-24 15:40:30,735 - INFO - Warning in iteration 15: One or more sample arguments is too small; all returned values will be NaN. See documentation for sample size requirements.
2025-01-24 15:40:30,738 - INFO - For iteration 15, silhouette score is 0.9992195995593858
2025-01-24 15:40:30,739 - INFO - For iteration 15, pulse-to-noise ratio is 30.9787791271204
2025-01-24 15:40:30,739 - INFO - Using PNR as acceptance criterion
2025-01-24 15:40:30,740 - INFO - For iteration 15
2025-01-24 15:40:30,740 - INFO - cv_curr = 0
2025-01-24 15:40:30,740 - INFO - cv_prev = 0
2025-01-24 15:40:30,740 - INFO - Reason: cv_curr is 0
2025-01-24 15:40:30,751 - INFO - 
Iteration 16
2025-01-24 15:40:37,605 - INFO - For iteration 16, silhouette score is 0.9201935992047223
2025-01-24 15:40:37,606 - INFO - For iteration 16, pulse-to-noise ratio is 11.219345682199855
2025-01-24 15:40:37,607 - INFO - Using PNR as acceptance criterion
2025-01-24 15:40:37,607 - INFO - For iteration 16
2025-01-24 15:40:37,607 - INFO - cv_curr = 1.4049416082258281
2025-01-24 15:40:37,607 - INFO - cv_prev = 1.3684553132391357
2025-01-24 15:40:37,607 - INFO - Reason: score is below threshold
2025-01-24 15:40:37,617 - INFO - 
Iteration 17
2025-01-24 15:40:39,680 - INFO - Warning in iteration 17: One or more sample arguments is too small; all returned values will be NaN. See documentation for sample size requirements.
2025-01-24 15:40:39,722 - INFO - Warning in iteration 17: One or more sample arguments is too small; all returned values will be NaN. See documentation for sample size requirements.
2025-01-24 15:40:39,771 - INFO - Warning in iteration 17: One or more sample arguments is too small; all returned values will be NaN. See documentation for sample size requirements.
2025-01-24 15:40:39,820 - INFO - Warning in iteration 17: One or more sample arguments is too small; all returned values will be NaN. See documentation for sample size requirements.
2025-01-24 15:40:39,871 - INFO - Warning in iteration 17: One or more sample arguments is too small; all returned values will be NaN. See documentation for sample size requirements.
2025-01-24 15:40:39,919 - INFO - Warning in iteration 17: One or more sample arguments is too small; all returned values will be NaN. See documentation for sample size requirements.
2025-01-24 15:40:39,962 - INFO - Warning in iteration 17: One or more sample arguments is too small; all returned values will be NaN. See documentation for sample size requirements.
2025-01-24 15:40:40,023 - INFO - For iteration 17, silhouette score is 0.9014977738390937
2025-01-24 15:40:40,024 - INFO - For iteration 17, pulse-to-noise ratio is 10.342169263877095
2025-01-24 15:40:40,025 - INFO - Using PNR as acceptance criterion
2025-01-24 15:40:40,025 - INFO - For iteration 17
2025-01-24 15:40:40,025 - INFO - cv_curr = 0.9258578492798201
2025-01-24 15:40:40,025 - INFO - cv_prev = 0
2025-01-24 15:40:40,025 - INFO - Reason: score is below threshold
2025-01-24 15:40:40,039 - INFO - 
Iteration 18
2025-01-24 15:40:42,054 - INFO - Warning in iteration 18: One or more sample arguments is too small; all returned values will be NaN. See documentation for sample size requirements.
2025-01-24 15:40:42,097 - INFO - Warning in iteration 18: One or more sample arguments is too small; all returned values will be NaN. See documentation for sample size requirements.
2025-01-24 15:40:42,142 - INFO - Warning in iteration 18: One or more sample arguments is too small; all returned values will be NaN. See documentation for sample size requirements.
2025-01-24 15:40:42,190 - INFO - Warning in iteration 18: One or more sample arguments is too small; all returned values will be NaN. See documentation for sample size requirements.
2025-01-24 15:40:42,238 - INFO - Warning in iteration 18: One or more sample arguments is too small; all returned values will be NaN. See documentation for sample size requirements.
2025-01-24 15:40:42,283 - INFO - Warning in iteration 18: One or more sample arguments is too small; all returned values will be NaN. See documentation for sample size requirements.
2025-01-24 15:40:42,328 - INFO - Warning in iteration 18: One or more sample arguments is too small; all returned values will be NaN. See documentation for sample size requirements.
2025-01-24 15:40:42,372 - INFO - Warning in iteration 18: One or more sample arguments is too small; all returned values will be NaN. See documentation for sample size requirements.
2025-01-24 15:40:42,421 - INFO - Warning in iteration 18: One or more sample arguments is too small; all returned values will be NaN. See documentation for sample size requirements.
2025-01-24 15:40:42,462 - INFO - Warning in iteration 18: One or more sample arguments is too small; all returned values will be NaN. See documentation for sample size requirements.
2025-01-24 15:40:42,466 - INFO - For iteration 18, silhouette score is 0.9989485671375351
2025-01-24 15:40:42,467 - INFO - For iteration 18, pulse-to-noise ratio is 29.656566330160754
2025-01-24 15:40:42,467 - INFO - Using PNR as acceptance criterion
2025-01-24 15:40:42,467 - INFO - For iteration 18
2025-01-24 15:40:42,467 - INFO - cv_curr = 0
2025-01-24 15:40:42,467 - INFO - cv_prev = 0
2025-01-24 15:40:42,467 - INFO - Reason: cv_curr is 0
2025-01-24 15:40:42,480 - INFO - 
Iteration 19
2025-01-24 15:40:43,868 - INFO - Warning in iteration 19: One or more sample arguments is too small; all returned values will be NaN. See documentation for sample size requirements.
2025-01-24 15:40:43,914 - INFO - Warning in iteration 19: One or more sample arguments is too small; all returned values will be NaN. See documentation for sample size requirements.
2025-01-24 15:40:43,962 - INFO - Warning in iteration 19: One or more sample arguments is too small; all returned values will be NaN. See documentation for sample size requirements.
2025-01-24 15:40:44,008 - INFO - Warning in iteration 19: One or more sample arguments is too small; all returned values will be NaN. See documentation for sample size requirements.
2025-01-24 15:40:44,055 - INFO - Warning in iteration 19: One or more sample arguments is too small; all returned values will be NaN. See documentation for sample size requirements.
2025-01-24 15:40:44,106 - INFO - Warning in iteration 19: One or more sample arguments is too small; all returned values will be NaN. See documentation for sample size requirements.
2025-01-24 15:40:44,152 - INFO - Warning in iteration 19: One or more sample arguments is too small; all returned values will be NaN. See documentation for sample size requirements.
2025-01-24 15:40:44,197 - INFO - Warning in iteration 19: One or more sample arguments is too small; all returned values will be NaN. See documentation for sample size requirements.
2025-01-24 15:40:44,243 - INFO - Warning in iteration 19: One or more sample arguments is too small; all returned values will be NaN. See documentation for sample size requirements.
2025-01-24 15:40:44,289 - INFO - Warning in iteration 19: One or more sample arguments is too small; all returned values will be NaN. See documentation for sample size requirements.
2025-01-24 15:40:44,292 - INFO - For iteration 19, silhouette score is 0.9990930856115966
2025-01-24 15:40:44,293 - INFO - For iteration 19, pulse-to-noise ratio is 30.331215428737533
2025-01-24 15:40:44,294 - INFO - Using PNR as acceptance criterion
2025-01-24 15:40:44,294 - INFO - For iteration 19
2025-01-24 15:40:44,294 - INFO - cv_curr = 0
2025-01-24 15:40:44,294 - INFO - cv_prev = 0
2025-01-24 15:40:44,294 - INFO - Reason: cv_curr is 0
2025-01-24 15:40:44,305 - INFO - 
Iteration 20
2025-01-24 15:40:46,283 - INFO - Warning in iteration 20: One or more sample arguments is too small; all returned values will be NaN. See documentation for sample size requirements.
2025-01-24 15:40:46,334 - INFO - Warning in iteration 20: One or more sample arguments is too small; all returned values will be NaN. See documentation for sample size requirements.
2025-01-24 15:40:46,384 - INFO - Warning in iteration 20: One or more sample arguments is too small; all returned values will be NaN. See documentation for sample size requirements.
2025-01-24 15:40:46,429 - INFO - Warning in iteration 20: One or more sample arguments is too small; all returned values will be NaN. See documentation for sample size requirements.
2025-01-24 15:40:46,475 - INFO - Warning in iteration 20: One or more sample arguments is too small; all returned values will be NaN. See documentation for sample size requirements.
2025-01-24 15:40:46,522 - INFO - Warning in iteration 20: One or more sample arguments is too small; all returned values will be NaN. See documentation for sample size requirements.
2025-01-24 15:40:46,568 - INFO - Warning in iteration 20: One or more sample arguments is too small; all returned values will be NaN. See documentation for sample size requirements.
2025-01-24 15:40:46,619 - INFO - Warning in iteration 20: One or more sample arguments is too small; all returned values will be NaN. See documentation for sample size requirements.
2025-01-24 15:40:46,670 - INFO - Warning in iteration 20: One or more sample arguments is too small; all returned values will be NaN. See documentation for sample size requirements.
2025-01-24 15:40:46,721 - INFO - Warning in iteration 20: One or more sample arguments is too small; all returned values will be NaN. See documentation for sample size requirements.
2025-01-24 15:40:46,730 - INFO - For iteration 20, silhouette score is 0.9990167818775604
2025-01-24 15:40:46,735 - INFO - For iteration 20, pulse-to-noise ratio is 29.955266098008902
2025-01-24 15:40:46,739 - INFO - Using PNR as acceptance criterion
2025-01-24 15:40:46,744 - INFO - For iteration 20
2025-01-24 15:40:46,749 - INFO - cv_curr = 0
2025-01-24 15:40:46,754 - INFO - cv_prev = 0
2025-01-24 15:40:46,760 - INFO - Reason: cv_curr is 0
2025-01-24 15:40:46,770 - INFO - 
Iteration 21
2025-01-24 15:40:48,156 - INFO - Warning in iteration 21: One or more sample arguments is too small; all returned values will be NaN. See documentation for sample size requirements.
2025-01-24 15:40:48,199 - INFO - Warning in iteration 21: One or more sample arguments is too small; all returned values will be NaN. See documentation for sample size requirements.
2025-01-24 15:40:48,243 - INFO - Warning in iteration 21: One or more sample arguments is too small; all returned values will be NaN. See documentation for sample size requirements.
2025-01-24 15:40:48,291 - INFO - Warning in iteration 21: One or more sample arguments is too small; all returned values will be NaN. See documentation for sample size requirements.
2025-01-24 15:40:48,336 - INFO - Warning in iteration 21: One or more sample arguments is too small; all returned values will be NaN. See documentation for sample size requirements.
2025-01-24 15:40:48,382 - INFO - Warning in iteration 21: One or more sample arguments is too small; all returned values will be NaN. See documentation for sample size requirements.
2025-01-24 15:40:48,429 - INFO - Warning in iteration 21: One or more sample arguments is too small; all returned values will be NaN. See documentation for sample size requirements.
2025-01-24 15:40:48,472 - INFO - Warning in iteration 21: One or more sample arguments is too small; all returned values will be NaN. See documentation for sample size requirements.
2025-01-24 15:40:48,513 - INFO - Warning in iteration 21: One or more sample arguments is too small; all returned values will be NaN. See documentation for sample size requirements.
2025-01-24 15:40:48,560 - INFO - Warning in iteration 21: One or more sample arguments is too small; all returned values will be NaN. See documentation for sample size requirements.
2025-01-24 15:40:48,563 - INFO - For iteration 21, silhouette score is 0.9991395133748149
2025-01-24 15:40:48,564 - INFO - For iteration 21, pulse-to-noise ratio is 30.561964811929002
2025-01-24 15:40:48,564 - INFO - Using PNR as acceptance criterion
2025-01-24 15:40:48,564 - INFO - For iteration 21
2025-01-24 15:40:48,564 - INFO - cv_curr = 0
2025-01-24 15:40:48,564 - INFO - cv_prev = 0
2025-01-24 15:40:48,564 - INFO - Reason: cv_curr is 0
2025-01-24 15:40:48,575 - INFO - 
Iteration 22
2025-01-24 15:40:50,606 - INFO - Warning in iteration 22: One or more sample arguments is too small; all returned values will be NaN. See documentation for sample size requirements.
2025-01-24 15:40:50,650 - INFO - Warning in iteration 22: One or more sample arguments is too small; all returned values will be NaN. See documentation for sample size requirements.
2025-01-24 15:40:50,693 - INFO - Warning in iteration 22: One or more sample arguments is too small; all returned values will be NaN. See documentation for sample size requirements.
2025-01-24 15:40:50,738 - INFO - Warning in iteration 22: One or more sample arguments is too small; all returned values will be NaN. See documentation for sample size requirements.
2025-01-24 15:40:50,781 - INFO - Warning in iteration 22: One or more sample arguments is too small; all returned values will be NaN. See documentation for sample size requirements.
2025-01-24 15:40:50,822 - INFO - Warning in iteration 22: One or more sample arguments is too small; all returned values will be NaN. See documentation for sample size requirements.
2025-01-24 15:40:50,866 - INFO - Warning in iteration 22: One or more sample arguments is too small; all returned values will be NaN. See documentation for sample size requirements.
2025-01-24 15:40:50,911 - INFO - Warning in iteration 22: One or more sample arguments is too small; all returned values will be NaN. See documentation for sample size requirements.
2025-01-24 15:40:50,955 - INFO - Warning in iteration 22: One or more sample arguments is too small; all returned values will be NaN. See documentation for sample size requirements.
2025-01-24 15:40:51,004 - INFO - Warning in iteration 22: One or more sample arguments is too small; all returned values will be NaN. See documentation for sample size requirements.
2025-01-24 15:40:51,009 - INFO - For iteration 22, silhouette score is 0.9989509141859892
2025-01-24 15:40:51,010 - INFO - For iteration 22, pulse-to-noise ratio is 29.685989220341654
2025-01-24 15:40:51,011 - INFO - Using PNR as acceptance criterion
2025-01-24 15:40:51,011 - INFO - For iteration 22
2025-01-24 15:40:51,011 - INFO - cv_curr = 0
2025-01-24 15:40:51,011 - INFO - cv_prev = 0
2025-01-24 15:40:51,011 - INFO - Reason: cv_curr is 0
2025-01-24 15:40:51,022 - INFO - 
Iteration 23
2025-01-24 15:40:57,679 - INFO - Warning in iteration 23: One or more sample arguments is too small; all returned values will be NaN. See documentation for sample size requirements.
2025-01-24 15:40:57,723 - INFO - Warning in iteration 23: One or more sample arguments is too small; all returned values will be NaN. See documentation for sample size requirements.
2025-01-24 15:40:57,771 - INFO - Warning in iteration 23: One or more sample arguments is too small; all returned values will be NaN. See documentation for sample size requirements.
2025-01-24 15:40:57,821 - INFO - Warning in iteration 23: One or more sample arguments is too small; all returned values will be NaN. See documentation for sample size requirements.
2025-01-24 15:40:57,868 - INFO - Warning in iteration 23: One or more sample arguments is too small; all returned values will be NaN. See documentation for sample size requirements.
2025-01-24 15:40:57,911 - INFO - Warning in iteration 23: One or more sample arguments is too small; all returned values will be NaN. See documentation for sample size requirements.
2025-01-24 15:40:57,956 - INFO - Warning in iteration 23: One or more sample arguments is too small; all returned values will be NaN. See documentation for sample size requirements.
2025-01-24 15:40:58,005 - INFO - Warning in iteration 23: One or more sample arguments is too small; all returned values will be NaN. See documentation for sample size requirements.
2025-01-24 15:40:58,053 - INFO - Warning in iteration 23: One or more sample arguments is too small; all returned values will be NaN. See documentation for sample size requirements.
2025-01-24 15:40:58,101 - INFO - Warning in iteration 23: One or more sample arguments is too small; all returned values will be NaN. See documentation for sample size requirements.
2025-01-24 15:40:58,104 - INFO - For iteration 23, silhouette score is 0.9987018575054685
2025-01-24 15:40:58,105 - INFO - For iteration 23, pulse-to-noise ratio is 28.739535174807244
2025-01-24 15:40:58,105 - INFO - Using PNR as acceptance criterion
2025-01-24 15:40:58,105 - INFO - For iteration 23
2025-01-24 15:40:58,105 - INFO - cv_curr = 0
2025-01-24 15:40:58,105 - INFO - cv_prev = 0
2025-01-24 15:40:58,106 - INFO - Reason: cv_curr is 0
2025-01-24 15:40:58,116 - INFO - 
Iteration 24
2025-01-24 15:40:59,465 - INFO - Warning in iteration 24: One or more sample arguments is too small; all returned values will be NaN. See documentation for sample size requirements.
2025-01-24 15:40:59,509 - INFO - Warning in iteration 24: One or more sample arguments is too small; all returned values will be NaN. See documentation for sample size requirements.
2025-01-24 15:40:59,551 - INFO - Warning in iteration 24: One or more sample arguments is too small; all returned values will be NaN. See documentation for sample size requirements.
2025-01-24 15:40:59,596 - INFO - Warning in iteration 24: One or more sample arguments is too small; all returned values will be NaN. See documentation for sample size requirements.
2025-01-24 15:40:59,643 - INFO - Warning in iteration 24: One or more sample arguments is too small; all returned values will be NaN. See documentation for sample size requirements.
2025-01-24 15:40:59,687 - INFO - Warning in iteration 24: One or more sample arguments is too small; all returned values will be NaN. See documentation for sample size requirements.
2025-01-24 15:40:59,735 - INFO - Warning in iteration 24: One or more sample arguments is too small; all returned values will be NaN. See documentation for sample size requirements.
2025-01-24 15:40:59,778 - INFO - Warning in iteration 24: One or more sample arguments is too small; all returned values will be NaN. See documentation for sample size requirements.
2025-01-24 15:40:59,823 - INFO - Warning in iteration 24: One or more sample arguments is too small; all returned values will be NaN. See documentation for sample size requirements.
2025-01-24 15:40:59,866 - INFO - Warning in iteration 24: One or more sample arguments is too small; all returned values will be NaN. See documentation for sample size requirements.
2025-01-24 15:40:59,869 - INFO - For iteration 24, silhouette score is 0.9990365662437729
2025-01-24 15:40:59,870 - INFO - For iteration 24, pulse-to-noise ratio is 30.051408802460127
2025-01-24 15:40:59,870 - INFO - Using PNR as acceptance criterion
2025-01-24 15:40:59,870 - INFO - For iteration 24
2025-01-24 15:40:59,870 - INFO - cv_curr = 0
2025-01-24 15:40:59,871 - INFO - cv_prev = 0
2025-01-24 15:40:59,871 - INFO - Reason: cv_curr is 0
2025-01-24 15:40:59,882 - INFO - 
Iteration 25
2025-01-24 15:41:05,279 - INFO - For iteration 25, silhouette score is 0.9961232103635389
2025-01-24 15:41:05,280 - INFO - For iteration 25, pulse-to-noise ratio is 25.14162289127198
2025-01-24 15:41:05,280 - INFO - Using PNR as acceptance criterion
2025-01-24 15:41:05,281 - INFO - For iteration 25
2025-01-24 15:41:05,281 - INFO - cv_curr = 6.56754513539873
2025-01-24 15:41:05,281 - INFO - cv_prev = 6.567510615049775
2025-01-24 15:41:05,281 - INFO - Extracted source at iteration 25.
2025-01-24 15:41:05,290 - INFO - 
Iteration 26
2025-01-24 15:41:07,298 - INFO - Warning in iteration 26: One or more sample arguments is too small; all returned values will be NaN. See documentation for sample size requirements.
2025-01-24 15:41:07,346 - INFO - Warning in iteration 26: One or more sample arguments is too small; all returned values will be NaN. See documentation for sample size requirements.
2025-01-24 15:41:07,391 - INFO - Warning in iteration 26: One or more sample arguments is too small; all returned values will be NaN. See documentation for sample size requirements.
2025-01-24 15:41:07,438 - INFO - Warning in iteration 26: One or more sample arguments is too small; all returned values will be NaN. See documentation for sample size requirements.
2025-01-24 15:41:07,481 - INFO - Warning in iteration 26: One or more sample arguments is too small; all returned values will be NaN. See documentation for sample size requirements.
2025-01-24 15:41:07,525 - INFO - Warning in iteration 26: One or more sample arguments is too small; all returned values will be NaN. See documentation for sample size requirements.
2025-01-24 15:41:07,567 - INFO - Warning in iteration 26: One or more sample arguments is too small; all returned values will be NaN. See documentation for sample size requirements.
2025-01-24 15:41:07,609 - INFO - Warning in iteration 26: One or more sample arguments is too small; all returned values will be NaN. See documentation for sample size requirements.
2025-01-24 15:41:07,658 - INFO - Warning in iteration 26: One or more sample arguments is too small; all returned values will be NaN. See documentation for sample size requirements.
2025-01-24 15:41:07,705 - INFO - Warning in iteration 26: One or more sample arguments is too small; all returned values will be NaN. See documentation for sample size requirements.
2025-01-24 15:41:07,709 - INFO - For iteration 26, silhouette score is 0.9989537953970762
2025-01-24 15:41:07,710 - INFO - For iteration 26, pulse-to-noise ratio is 29.69323353010463
2025-01-24 15:41:07,710 - INFO - Using PNR as acceptance criterion
2025-01-24 15:41:07,710 - INFO - For iteration 26
2025-01-24 15:41:07,710 - INFO - cv_curr = 0
2025-01-24 15:41:07,711 - INFO - cv_prev = 0
2025-01-24 15:41:07,711 - INFO - Reason: cv_curr is 0
2025-01-24 15:41:07,721 - INFO - 
Iteration 27
2025-01-24 15:41:09,814 - INFO - Warning in iteration 27: One or more sample arguments is too small; all returned values will be NaN. See documentation for sample size requirements.
2025-01-24 15:41:09,855 - INFO - Warning in iteration 27: One or more sample arguments is too small; all returned values will be NaN. See documentation for sample size requirements.
2025-01-24 15:41:09,900 - INFO - Warning in iteration 27: One or more sample arguments is too small; all returned values will be NaN. See documentation for sample size requirements.
2025-01-24 15:41:09,948 - INFO - Warning in iteration 27: One or more sample arguments is too small; all returned values will be NaN. See documentation for sample size requirements.
2025-01-24 15:41:09,996 - INFO - Warning in iteration 27: One or more sample arguments is too small; all returned values will be NaN. See documentation for sample size requirements.
2025-01-24 15:41:10,048 - INFO - Warning in iteration 27: One or more sample arguments is too small; all returned values will be NaN. See documentation for sample size requirements.
2025-01-24 15:41:10,094 - INFO - Warning in iteration 27: One or more sample arguments is too small; all returned values will be NaN. See documentation for sample size requirements.
2025-01-24 15:41:10,139 - INFO - Warning in iteration 27: One or more sample arguments is too small; all returned values will be NaN. See documentation for sample size requirements.
2025-01-24 15:41:10,187 - INFO - Warning in iteration 27: One or more sample arguments is too small; all returned values will be NaN. See documentation for sample size requirements.
2025-01-24 15:41:10,234 - INFO - Warning in iteration 27: One or more sample arguments is too small; all returned values will be NaN. See documentation for sample size requirements.
2025-01-24 15:41:10,237 - INFO - For iteration 27, silhouette score is 0.9990106986511597
2025-01-24 15:41:10,237 - INFO - For iteration 27, pulse-to-noise ratio is 29.938563489623824
2025-01-24 15:41:10,238 - INFO - Using PNR as acceptance criterion
2025-01-24 15:41:10,238 - INFO - For iteration 27
2025-01-24 15:41:10,238 - INFO - cv_curr = 0
2025-01-24 15:41:10,238 - INFO - cv_prev = 0
2025-01-24 15:41:10,238 - INFO - Reason: cv_curr is 0
2025-01-24 15:41:10,247 - INFO - 
Iteration 28
2025-01-24 15:41:12,903 - INFO - Warning in iteration 28: One or more sample arguments is too small; all returned values will be NaN. See documentation for sample size requirements.
2025-01-24 15:41:12,951 - INFO - Warning in iteration 28: One or more sample arguments is too small; all returned values will be NaN. See documentation for sample size requirements.
2025-01-24 15:41:13,005 - INFO - Warning in iteration 28: One or more sample arguments is too small; all returned values will be NaN. See documentation for sample size requirements.
2025-01-24 15:41:13,051 - INFO - Warning in iteration 28: One or more sample arguments is too small; all returned values will be NaN. See documentation for sample size requirements.
2025-01-24 15:41:13,095 - INFO - Warning in iteration 28: One or more sample arguments is too small; all returned values will be NaN. See documentation for sample size requirements.
2025-01-24 15:41:13,139 - INFO - Warning in iteration 28: One or more sample arguments is too small; all returned values will be NaN. See documentation for sample size requirements.
2025-01-24 15:41:13,185 - INFO - Warning in iteration 28: One or more sample arguments is too small; all returned values will be NaN. See documentation for sample size requirements.
2025-01-24 15:41:13,230 - INFO - Warning in iteration 28: One or more sample arguments is too small; all returned values will be NaN. See documentation for sample size requirements.
2025-01-24 15:41:13,274 - INFO - Warning in iteration 28: One or more sample arguments is too small; all returned values will be NaN. See documentation for sample size requirements.
2025-01-24 15:41:13,316 - INFO - Warning in iteration 28: One or more sample arguments is too small; all returned values will be NaN. See documentation for sample size requirements.
2025-01-24 15:41:13,319 - INFO - For iteration 28, silhouette score is 0.9989235871724126
2025-01-24 15:41:13,320 - INFO - For iteration 28, pulse-to-noise ratio is 29.563412187302124
2025-01-24 15:41:13,320 - INFO - Using PNR as acceptance criterion
2025-01-24 15:41:13,320 - INFO - For iteration 28
2025-01-24 15:41:13,321 - INFO - cv_curr = 0
2025-01-24 15:41:13,321 - INFO - cv_prev = 0
2025-01-24 15:41:13,321 - INFO - Reason: cv_curr is 0
2025-01-24 15:41:13,333 - INFO - 
Iteration 29
2025-01-24 15:41:16,656 - INFO - For iteration 29, silhouette score is 0.9941004704335987
2025-01-24 15:41:16,657 - INFO - For iteration 29, pulse-to-noise ratio is 23.044599895178187
2025-01-24 15:41:16,657 - INFO - Using PNR as acceptance criterion
2025-01-24 15:41:16,657 - INFO - For iteration 29
2025-01-24 15:41:16,657 - INFO - cv_curr = 2.3121354917514854
2025-01-24 15:41:16,657 - INFO - cv_prev = 2.3121342975017503
2025-01-24 15:41:16,657 - INFO - Extracted source at iteration 29.
2025-01-24 15:41:16,667 - INFO - 
Iteration 30
2025-01-24 15:41:23,476 - INFO - For iteration 30, silhouette score is 0.9628905509229472
2025-01-24 15:41:23,477 - INFO - For iteration 30, pulse-to-noise ratio is 14.72818017082489
2025-01-24 15:41:23,477 - INFO - Using PNR as acceptance criterion
2025-01-24 15:41:23,477 - INFO - For iteration 30
2025-01-24 15:41:23,478 - INFO - cv_curr = 11.495231954158474
2025-01-24 15:41:23,478 - INFO - cv_prev = 0.9366630561540268
2025-01-24 15:41:23,478 - INFO - Reason: score is below threshold
2025-01-24 15:41:23,487 - INFO - 
Iteration 31
2025-01-24 15:41:25,553 - INFO - Warning in iteration 31: One or more sample arguments is too small; all returned values will be NaN. See documentation for sample size requirements.
2025-01-24 15:41:25,599 - INFO - Warning in iteration 31: One or more sample arguments is too small; all returned values will be NaN. See documentation for sample size requirements.
2025-01-24 15:41:25,647 - INFO - Warning in iteration 31: One or more sample arguments is too small; all returned values will be NaN. See documentation for sample size requirements.
2025-01-24 15:41:25,696 - INFO - Warning in iteration 31: One or more sample arguments is too small; all returned values will be NaN. See documentation for sample size requirements.
2025-01-24 15:41:25,739 - INFO - Warning in iteration 31: One or more sample arguments is too small; all returned values will be NaN. See documentation for sample size requirements.
2025-01-24 15:41:25,783 - INFO - Warning in iteration 31: One or more sample arguments is too small; all returned values will be NaN. See documentation for sample size requirements.
2025-01-24 15:41:25,825 - INFO - Warning in iteration 31: One or more sample arguments is too small; all returned values will be NaN. See documentation for sample size requirements.
2025-01-24 15:41:25,868 - INFO - Warning in iteration 31: One or more sample arguments is too small; all returned values will be NaN. See documentation for sample size requirements.
2025-01-24 15:41:25,911 - INFO - Warning in iteration 31: One or more sample arguments is too small; all returned values will be NaN. See documentation for sample size requirements.
2025-01-24 15:41:25,957 - INFO - Warning in iteration 31: One or more sample arguments is too small; all returned values will be NaN. See documentation for sample size requirements.
2025-01-24 15:41:25,960 - INFO - For iteration 31, silhouette score is 0.9989342686310956
2025-01-24 15:41:25,961 - INFO - For iteration 31, pulse-to-noise ratio is 29.602477890729915
2025-01-24 15:41:25,961 - INFO - Using PNR as acceptance criterion
2025-01-24 15:41:25,961 - INFO - For iteration 31
2025-01-24 15:41:25,961 - INFO - cv_curr = 0
2025-01-24 15:41:25,961 - INFO - cv_prev = 0
2025-01-24 15:41:25,961 - INFO - Reason: cv_curr is 0
2025-01-24 15:41:25,974 - INFO - 
Iteration 32
2025-01-24 15:41:32,867 - INFO - For iteration 32, silhouette score is 0.9970306370361248
2025-01-24 15:41:32,868 - INFO - For iteration 32, pulse-to-noise ratio is 26.473288688350042
2025-01-24 15:41:32,868 - INFO - Using PNR as acceptance criterion
2025-01-24 15:41:32,869 - INFO - For iteration 32
2025-01-24 15:41:32,869 - INFO - cv_curr = 6.567508387047557
2025-01-24 15:41:32,869 - INFO - cv_prev = 6.567508369111936
2025-01-24 15:41:32,869 - INFO - Extracted source at iteration 32.
2025-01-24 15:41:32,878 - INFO - 
Iteration 33
2025-01-24 15:41:34,916 - INFO - Warning in iteration 33: One or more sample arguments is too small; all returned values will be NaN. See documentation for sample size requirements.
2025-01-24 15:41:34,959 - INFO - Warning in iteration 33: One or more sample arguments is too small; all returned values will be NaN. See documentation for sample size requirements.
2025-01-24 15:41:35,015 - INFO - Warning in iteration 33: One or more sample arguments is too small; all returned values will be NaN. See documentation for sample size requirements.
2025-01-24 15:41:35,064 - INFO - Warning in iteration 33: One or more sample arguments is too small; all returned values will be NaN. See documentation for sample size requirements.
2025-01-24 15:41:35,111 - INFO - Warning in iteration 33: One or more sample arguments is too small; all returned values will be NaN. See documentation for sample size requirements.
2025-01-24 15:41:35,160 - INFO - Warning in iteration 33: One or more sample arguments is too small; all returned values will be NaN. See documentation for sample size requirements.
2025-01-24 15:41:35,205 - INFO - Warning in iteration 33: One or more sample arguments is too small; all returned values will be NaN. See documentation for sample size requirements.
2025-01-24 15:41:35,247 - INFO - Warning in iteration 33: One or more sample arguments is too small; all returned values will be NaN. See documentation for sample size requirements.
2025-01-24 15:41:35,294 - INFO - Warning in iteration 33: One or more sample arguments is too small; all returned values will be NaN. See documentation for sample size requirements.
2025-01-24 15:41:35,341 - INFO - Warning in iteration 33: One or more sample arguments is too small; all returned values will be NaN. See documentation for sample size requirements.
2025-01-24 15:41:35,344 - INFO - For iteration 33, silhouette score is 0.9990137599204322
2025-01-24 15:41:35,345 - INFO - For iteration 33, pulse-to-noise ratio is 29.93578944233597
2025-01-24 15:41:35,346 - INFO - Using PNR as acceptance criterion
2025-01-24 15:41:35,346 - INFO - For iteration 33
2025-01-24 15:41:35,346 - INFO - cv_curr = 0
2025-01-24 15:41:35,346 - INFO - cv_prev = 0
2025-01-24 15:41:35,346 - INFO - Reason: cv_curr is 0
2025-01-24 15:41:35,355 - INFO - 
Iteration 34
2025-01-24 15:41:36,707 - INFO - Warning in iteration 34: One or more sample arguments is too small; all returned values will be NaN. See documentation for sample size requirements.
2025-01-24 15:41:36,750 - INFO - Warning in iteration 34: One or more sample arguments is too small; all returned values will be NaN. See documentation for sample size requirements.
2025-01-24 15:41:36,799 - INFO - Warning in iteration 34: One or more sample arguments is too small; all returned values will be NaN. See documentation for sample size requirements.
2025-01-24 15:41:36,843 - INFO - Warning in iteration 34: One or more sample arguments is too small; all returned values will be NaN. See documentation for sample size requirements.
2025-01-24 15:41:36,887 - INFO - Warning in iteration 34: One or more sample arguments is too small; all returned values will be NaN. See documentation for sample size requirements.
2025-01-24 15:41:36,937 - INFO - For iteration 34, silhouette score is 0.9118671299591569
2025-01-24 15:41:36,938 - INFO - For iteration 34, pulse-to-noise ratio is 10.816273107961699
2025-01-24 15:41:36,938 - INFO - Using PNR as acceptance criterion
2025-01-24 15:41:36,938 - INFO - For iteration 34
2025-01-24 15:41:36,939 - INFO - cv_curr = 1.1157601811714655
2025-01-24 15:41:36,939 - INFO - cv_prev = 0
2025-01-24 15:41:36,939 - INFO - Reason: score is below threshold
2025-01-24 15:41:36,950 - INFO - 
Iteration 35
2025-01-24 15:41:40,971 - INFO - For iteration 35, silhouette score is 0.9934113584169206
2025-01-24 15:41:40,972 - INFO - For iteration 35, pulse-to-noise ratio is 22.3603675312111
2025-01-24 15:41:40,972 - INFO - Using PNR as acceptance criterion
2025-01-24 15:41:40,972 - INFO - For iteration 35
2025-01-24 15:41:40,972 - INFO - cv_curr = 7.394287344399443
2025-01-24 15:41:40,973 - INFO - cv_prev = 7.394287240424602
2025-01-24 15:41:40,973 - INFO - Extracted source at iteration 35.
2025-01-24 15:41:40,984 - INFO - 
Iteration 36
2025-01-24 15:41:43,005 - INFO - Warning in iteration 36: One or more sample arguments is too small; all returned values will be NaN. See documentation for sample size requirements.
2025-01-24 15:41:43,048 - INFO - Warning in iteration 36: One or more sample arguments is too small; all returned values will be NaN. See documentation for sample size requirements.
2025-01-24 15:41:43,090 - INFO - Warning in iteration 36: One or more sample arguments is too small; all returned values will be NaN. See documentation for sample size requirements.
2025-01-24 15:41:43,136 - INFO - Warning in iteration 36: One or more sample arguments is too small; all returned values will be NaN. See documentation for sample size requirements.
2025-01-24 15:41:43,180 - INFO - Warning in iteration 36: One or more sample arguments is too small; all returned values will be NaN. See documentation for sample size requirements.
2025-01-24 15:41:43,230 - INFO - Warning in iteration 36: One or more sample arguments is too small; all returned values will be NaN. See documentation for sample size requirements.
2025-01-24 15:41:43,278 - INFO - Warning in iteration 36: One or more sample arguments is too small; all returned values will be NaN. See documentation for sample size requirements.
2025-01-24 15:41:43,320 - INFO - Warning in iteration 36: One or more sample arguments is too small; all returned values will be NaN. See documentation for sample size requirements.
2025-01-24 15:41:43,368 - INFO - Warning in iteration 36: One or more sample arguments is too small; all returned values will be NaN. See documentation for sample size requirements.
2025-01-24 15:41:43,415 - INFO - Warning in iteration 36: One or more sample arguments is too small; all returned values will be NaN. See documentation for sample size requirements.
2025-01-24 15:41:43,418 - INFO - For iteration 36, silhouette score is 0.9989873461901916
2025-01-24 15:41:43,419 - INFO - For iteration 36, pulse-to-noise ratio is 29.83799226849793
2025-01-24 15:41:43,419 - INFO - Using PNR as acceptance criterion
2025-01-24 15:41:43,420 - INFO - For iteration 36
2025-01-24 15:41:43,420 - INFO - cv_curr = 0
2025-01-24 15:41:43,420 - INFO - cv_prev = 0
2025-01-24 15:41:43,420 - INFO - Reason: cv_curr is 0
2025-01-24 15:41:43,431 - INFO - 
Iteration 37
2025-01-24 15:41:44,823 - INFO - Warning in iteration 37: One or more sample arguments is too small; all returned values will be NaN. See documentation for sample size requirements.
2025-01-24 15:41:44,865 - INFO - Warning in iteration 37: One or more sample arguments is too small; all returned values will be NaN. See documentation for sample size requirements.
2025-01-24 15:41:44,913 - INFO - Warning in iteration 37: One or more sample arguments is too small; all returned values will be NaN. See documentation for sample size requirements.
2025-01-24 15:41:44,953 - INFO - Warning in iteration 37: One or more sample arguments is too small; all returned values will be NaN. See documentation for sample size requirements.
2025-01-24 15:41:45,001 - INFO - Warning in iteration 37: One or more sample arguments is too small; all returned values will be NaN. See documentation for sample size requirements.
2025-01-24 15:41:45,050 - INFO - Warning in iteration 37: One or more sample arguments is too small; all returned values will be NaN. See documentation for sample size requirements.
2025-01-24 15:41:45,095 - INFO - Warning in iteration 37: One or more sample arguments is too small; all returned values will be NaN. See documentation for sample size requirements.
2025-01-24 15:41:45,144 - INFO - Warning in iteration 37: One or more sample arguments is too small; all returned values will be NaN. See documentation for sample size requirements.
2025-01-24 15:41:45,192 - INFO - Warning in iteration 37: One or more sample arguments is too small; all returned values will be NaN. See documentation for sample size requirements.
2025-01-24 15:41:45,235 - INFO - Warning in iteration 37: One or more sample arguments is too small; all returned values will be NaN. See documentation for sample size requirements.
2025-01-24 15:41:45,238 - INFO - For iteration 37, silhouette score is 0.9990754708005888
2025-01-24 15:41:45,239 - INFO - For iteration 37, pulse-to-noise ratio is 30.23905205889746
2025-01-24 15:41:45,239 - INFO - Using PNR as acceptance criterion
2025-01-24 15:41:45,239 - INFO - For iteration 37
2025-01-24 15:41:45,239 - INFO - cv_curr = 0
2025-01-24 15:41:45,239 - INFO - cv_prev = 0
2025-01-24 15:41:45,240 - INFO - Reason: cv_curr is 0
2025-01-24 15:41:45,250 - INFO - 
Iteration 38
2025-01-24 15:41:47,241 - INFO - Warning in iteration 38: One or more sample arguments is too small; all returned values will be NaN. See documentation for sample size requirements.
2025-01-24 15:41:47,285 - INFO - Warning in iteration 38: One or more sample arguments is too small; all returned values will be NaN. See documentation for sample size requirements.
2025-01-24 15:41:47,329 - INFO - Warning in iteration 38: One or more sample arguments is too small; all returned values will be NaN. See documentation for sample size requirements.
2025-01-24 15:41:47,373 - INFO - Warning in iteration 38: One or more sample arguments is too small; all returned values will be NaN. See documentation for sample size requirements.
2025-01-24 15:41:47,417 - INFO - Warning in iteration 38: One or more sample arguments is too small; all returned values will be NaN. See documentation for sample size requirements.
2025-01-24 15:41:47,463 - INFO - Warning in iteration 38: One or more sample arguments is too small; all returned values will be NaN. See documentation for sample size requirements.
2025-01-24 15:41:47,506 - INFO - Warning in iteration 38: One or more sample arguments is too small; all returned values will be NaN. See documentation for sample size requirements.
2025-01-24 15:41:47,550 - INFO - Warning in iteration 38: One or more sample arguments is too small; all returned values will be NaN. See documentation for sample size requirements.
2025-01-24 15:41:47,599 - INFO - Warning in iteration 38: One or more sample arguments is too small; all returned values will be NaN. See documentation for sample size requirements.
2025-01-24 15:41:47,643 - INFO - Warning in iteration 38: One or more sample arguments is too small; all returned values will be NaN. See documentation for sample size requirements.
2025-01-24 15:41:47,647 - INFO - For iteration 38, silhouette score is 0.9989982344198041
2025-01-24 15:41:47,648 - INFO - For iteration 38, pulse-to-noise ratio is 29.88307825488768
2025-01-24 15:41:47,648 - INFO - Using PNR as acceptance criterion
2025-01-24 15:41:47,648 - INFO - For iteration 38
2025-01-24 15:41:47,648 - INFO - cv_curr = 0
2025-01-24 15:41:47,648 - INFO - cv_prev = 0
2025-01-24 15:41:47,648 - INFO - Reason: cv_curr is 0
2025-01-24 15:41:47,659 - INFO - 
Iteration 39
2025-01-24 15:41:49,721 - INFO - Warning in iteration 39: One or more sample arguments is too small; all returned values will be NaN. See documentation for sample size requirements.
2025-01-24 15:41:49,763 - INFO - Warning in iteration 39: One or more sample arguments is too small; all returned values will be NaN. See documentation for sample size requirements.
2025-01-24 15:41:49,809 - INFO - Warning in iteration 39: One or more sample arguments is too small; all returned values will be NaN. See documentation for sample size requirements.
2025-01-24 15:41:49,852 - INFO - Warning in iteration 39: One or more sample arguments is too small; all returned values will be NaN. See documentation for sample size requirements.
2025-01-24 15:41:49,897 - INFO - Warning in iteration 39: One or more sample arguments is too small; all returned values will be NaN. See documentation for sample size requirements.
2025-01-24 15:41:49,947 - INFO - Warning in iteration 39: One or more sample arguments is too small; all returned values will be NaN. See documentation for sample size requirements.
2025-01-24 15:41:49,995 - INFO - Warning in iteration 39: One or more sample arguments is too small; all returned values will be NaN. See documentation for sample size requirements.
2025-01-24 15:41:50,042 - INFO - Warning in iteration 39: One or more sample arguments is too small; all returned values will be NaN. See documentation for sample size requirements.
2025-01-24 15:41:50,097 - INFO - Warning in iteration 39: One or more sample arguments is too small; all returned values will be NaN. See documentation for sample size requirements.
2025-01-24 15:41:50,144 - INFO - Warning in iteration 39: One or more sample arguments is too small; all returned values will be NaN. See documentation for sample size requirements.
2025-01-24 15:41:50,147 - INFO - For iteration 39, silhouette score is 0.998916581466233
2025-01-24 15:41:50,148 - INFO - For iteration 39, pulse-to-noise ratio is 29.53367737893905
2025-01-24 15:41:50,148 - INFO - Using PNR as acceptance criterion
2025-01-24 15:41:50,148 - INFO - For iteration 39
2025-01-24 15:41:50,148 - INFO - cv_curr = 0
2025-01-24 15:41:50,148 - INFO - cv_prev = 0
2025-01-24 15:41:50,149 - INFO - Reason: cv_curr is 0
2025-01-24 15:41:50,160 - INFO - 
Iteration 40
2025-01-24 15:41:51,503 - INFO - Warning in iteration 40: One or more sample arguments is too small; all returned values will be NaN. See documentation for sample size requirements.
2025-01-24 15:41:51,545 - INFO - Warning in iteration 40: One or more sample arguments is too small; all returned values will be NaN. See documentation for sample size requirements.
2025-01-24 15:41:51,587 - INFO - Warning in iteration 40: One or more sample arguments is too small; all returned values will be NaN. See documentation for sample size requirements.
2025-01-24 15:41:51,633 - INFO - Warning in iteration 40: One or more sample arguments is too small; all returned values will be NaN. See documentation for sample size requirements.
2025-01-24 15:41:51,677 - INFO - Warning in iteration 40: One or more sample arguments is too small; all returned values will be NaN. See documentation for sample size requirements.
2025-01-24 15:41:51,722 - INFO - Warning in iteration 40: One or more sample arguments is too small; all returned values will be NaN. See documentation for sample size requirements.
2025-01-24 15:41:51,764 - INFO - Warning in iteration 40: One or more sample arguments is too small; all returned values will be NaN. See documentation for sample size requirements.
2025-01-24 15:41:51,811 - INFO - Warning in iteration 40: One or more sample arguments is too small; all returned values will be NaN. See documentation for sample size requirements.
2025-01-24 15:41:51,859 - INFO - Warning in iteration 40: One or more sample arguments is too small; all returned values will be NaN. See documentation for sample size requirements.
2025-01-24 15:41:51,903 - INFO - Warning in iteration 40: One or more sample arguments is too small; all returned values will be NaN. See documentation for sample size requirements.
2025-01-24 15:41:51,906 - INFO - For iteration 40, silhouette score is 0.9991179330554626
2025-01-24 15:41:51,907 - INFO - For iteration 40, pulse-to-noise ratio is 30.44378384534523
2025-01-24 15:41:51,907 - INFO - Using PNR as acceptance criterion
2025-01-24 15:41:51,907 - INFO - For iteration 40
2025-01-24 15:41:51,907 - INFO - cv_curr = 0
2025-01-24 15:41:51,907 - INFO - cv_prev = 0
2025-01-24 15:41:51,907 - INFO - Reason: cv_curr is 0
2025-01-24 15:41:51,917 - INFO - 
Iteration 41
2025-01-24 15:41:53,962 - INFO - Warning in iteration 41: One or more sample arguments is too small; all returned values will be NaN. See documentation for sample size requirements.
2025-01-24 15:41:54,014 - INFO - Warning in iteration 41: One or more sample arguments is too small; all returned values will be NaN. See documentation for sample size requirements.
2025-01-24 15:41:54,057 - INFO - Warning in iteration 41: One or more sample arguments is too small; all returned values will be NaN. See documentation for sample size requirements.
2025-01-24 15:41:54,106 - INFO - Warning in iteration 41: One or more sample arguments is too small; all returned values will be NaN. See documentation for sample size requirements.
2025-01-24 15:41:54,150 - INFO - Warning in iteration 41: One or more sample arguments is too small; all returned values will be NaN. See documentation for sample size requirements.
2025-01-24 15:41:54,195 - INFO - Warning in iteration 41: One or more sample arguments is too small; all returned values will be NaN. See documentation for sample size requirements.
2025-01-24 15:41:54,239 - INFO - Warning in iteration 41: One or more sample arguments is too small; all returned values will be NaN. See documentation for sample size requirements.
2025-01-24 15:41:54,288 - INFO - Warning in iteration 41: One or more sample arguments is too small; all returned values will be NaN. See documentation for sample size requirements.
2025-01-24 15:41:54,331 - INFO - Warning in iteration 41: One or more sample arguments is too small; all returned values will be NaN. See documentation for sample size requirements.
2025-01-24 15:41:54,374 - INFO - Warning in iteration 41: One or more sample arguments is too small; all returned values will be NaN. See documentation for sample size requirements.
2025-01-24 15:41:54,378 - INFO - For iteration 41, silhouette score is 0.9990127220336419
2025-01-24 15:41:54,378 - INFO - For iteration 41, pulse-to-noise ratio is 29.919737988746302
2025-01-24 15:41:54,379 - INFO - Using PNR as acceptance criterion
2025-01-24 15:41:54,379 - INFO - For iteration 41
2025-01-24 15:41:54,379 - INFO - cv_curr = 0
2025-01-24 15:41:54,379 - INFO - cv_prev = 0
2025-01-24 15:41:54,379 - INFO - Reason: cv_curr is 0
2025-01-24 15:41:54,389 - INFO - 
Iteration 42
2025-01-24 15:42:01,105 - INFO - Warning in iteration 42: One or more sample arguments is too small; all returned values will be NaN. See documentation for sample size requirements.
2025-01-24 15:42:01,148 - INFO - Warning in iteration 42: One or more sample arguments is too small; all returned values will be NaN. See documentation for sample size requirements.
2025-01-24 15:42:01,193 - INFO - Warning in iteration 42: One or more sample arguments is too small; all returned values will be NaN. See documentation for sample size requirements.
2025-01-24 15:42:01,236 - INFO - Warning in iteration 42: One or more sample arguments is too small; all returned values will be NaN. See documentation for sample size requirements.
2025-01-24 15:42:01,283 - INFO - Warning in iteration 42: One or more sample arguments is too small; all returned values will be NaN. See documentation for sample size requirements.
2025-01-24 15:42:01,329 - INFO - Warning in iteration 42: One or more sample arguments is too small; all returned values will be NaN. See documentation for sample size requirements.
2025-01-24 15:42:01,377 - INFO - Warning in iteration 42: One or more sample arguments is too small; all returned values will be NaN. See documentation for sample size requirements.
2025-01-24 15:42:01,423 - INFO - Warning in iteration 42: One or more sample arguments is too small; all returned values will be NaN. See documentation for sample size requirements.
2025-01-24 15:42:01,468 - INFO - Warning in iteration 42: One or more sample arguments is too small; all returned values will be NaN. See documentation for sample size requirements.
2025-01-24 15:42:01,512 - INFO - Warning in iteration 42: One or more sample arguments is too small; all returned values will be NaN. See documentation for sample size requirements.
2025-01-24 15:42:01,515 - INFO - For iteration 42, silhouette score is 0.9987758167668617
2025-01-24 15:42:01,516 - INFO - For iteration 42, pulse-to-noise ratio is 28.991844608402292
2025-01-24 15:42:01,516 - INFO - Using PNR as acceptance criterion
2025-01-24 15:42:01,517 - INFO - For iteration 42
2025-01-24 15:42:01,517 - INFO - cv_curr = 0
2025-01-24 15:42:01,517 - INFO - cv_prev = 0
2025-01-24 15:42:01,517 - INFO - Reason: cv_curr is 0
2025-01-24 15:42:01,528 - INFO - 
Iteration 43
2025-01-24 15:42:02,922 - INFO - Warning in iteration 43: One or more sample arguments is too small; all returned values will be NaN. See documentation for sample size requirements.
2025-01-24 15:42:02,970 - INFO - Warning in iteration 43: One or more sample arguments is too small; all returned values will be NaN. See documentation for sample size requirements.
2025-01-24 15:42:03,021 - INFO - Warning in iteration 43: One or more sample arguments is too small; all returned values will be NaN. See documentation for sample size requirements.
2025-01-24 15:42:03,066 - INFO - Warning in iteration 43: One or more sample arguments is too small; all returned values will be NaN. See documentation for sample size requirements.
2025-01-24 15:42:03,112 - INFO - Warning in iteration 43: One or more sample arguments is too small; all returned values will be NaN. See documentation for sample size requirements.
2025-01-24 15:42:03,159 - INFO - Warning in iteration 43: One or more sample arguments is too small; all returned values will be NaN. See documentation for sample size requirements.
2025-01-24 15:42:03,203 - INFO - Warning in iteration 43: One or more sample arguments is too small; all returned values will be NaN. See documentation for sample size requirements.
2025-01-24 15:42:03,248 - INFO - Warning in iteration 43: One or more sample arguments is too small; all returned values will be NaN. See documentation for sample size requirements.
2025-01-24 15:42:03,292 - INFO - Warning in iteration 43: One or more sample arguments is too small; all returned values will be NaN. See documentation for sample size requirements.
2025-01-24 15:42:03,335 - INFO - Warning in iteration 43: One or more sample arguments is too small; all returned values will be NaN. See documentation for sample size requirements.
2025-01-24 15:42:03,338 - INFO - For iteration 43, silhouette score is 0.999087830215198
2025-01-24 15:42:03,339 - INFO - For iteration 43, pulse-to-noise ratio is 30.28453438297202
2025-01-24 15:42:03,339 - INFO - Using PNR as acceptance criterion
2025-01-24 15:42:03,340 - INFO - For iteration 43
2025-01-24 15:42:03,340 - INFO - cv_curr = 0
2025-01-24 15:42:03,340 - INFO - cv_prev = 0
2025-01-24 15:42:03,340 - INFO - Reason: cv_curr is 0
2025-01-24 15:42:03,348 - INFO - 
Iteration 44
2025-01-24 15:42:05,358 - INFO - Warning in iteration 44: One or more sample arguments is too small; all returned values will be NaN. See documentation for sample size requirements.
2025-01-24 15:42:05,405 - INFO - Warning in iteration 44: One or more sample arguments is too small; all returned values will be NaN. See documentation for sample size requirements.
2025-01-24 15:42:05,452 - INFO - Warning in iteration 44: One or more sample arguments is too small; all returned values will be NaN. See documentation for sample size requirements.
2025-01-24 15:42:05,493 - INFO - Warning in iteration 44: One or more sample arguments is too small; all returned values will be NaN. See documentation for sample size requirements.
2025-01-24 15:42:05,537 - INFO - Warning in iteration 44: One or more sample arguments is too small; all returned values will be NaN. See documentation for sample size requirements.
2025-01-24 15:42:05,588 - INFO - Warning in iteration 44: One or more sample arguments is too small; all returned values will be NaN. See documentation for sample size requirements.
2025-01-24 15:42:05,632 - INFO - Warning in iteration 44: One or more sample arguments is too small; all returned values will be NaN. See documentation for sample size requirements.
2025-01-24 15:42:05,677 - INFO - Warning in iteration 44: One or more sample arguments is too small; all returned values will be NaN. See documentation for sample size requirements.
2025-01-24 15:42:05,721 - INFO - Warning in iteration 44: One or more sample arguments is too small; all returned values will be NaN. See documentation for sample size requirements.
2025-01-24 15:42:05,767 - INFO - Warning in iteration 44: One or more sample arguments is too small; all returned values will be NaN. See documentation for sample size requirements.
2025-01-24 15:42:05,770 - INFO - For iteration 44, silhouette score is 0.998920754173832
2025-01-24 15:42:05,772 - INFO - For iteration 44, pulse-to-noise ratio is 29.55448894810383
2025-01-24 15:42:05,772 - INFO - Using PNR as acceptance criterion
2025-01-24 15:42:05,772 - INFO - For iteration 44
2025-01-24 15:42:05,773 - INFO - cv_curr = 0
2025-01-24 15:42:05,773 - INFO - cv_prev = 0
2025-01-24 15:42:05,773 - INFO - Reason: cv_curr is 0
2025-01-24 15:42:05,785 - INFO - 
Iteration 45
2025-01-24 15:42:08,524 - INFO - Warning in iteration 45: One or more sample arguments is too small; all returned values will be NaN. See documentation for sample size requirements.
2025-01-24 15:42:08,574 - INFO - Warning in iteration 45: One or more sample arguments is too small; all returned values will be NaN. See documentation for sample size requirements.
2025-01-24 15:42:08,618 - INFO - Warning in iteration 45: One or more sample arguments is too small; all returned values will be NaN. See documentation for sample size requirements.
2025-01-24 15:42:08,663 - INFO - Warning in iteration 45: One or more sample arguments is too small; all returned values will be NaN. See documentation for sample size requirements.
2025-01-24 15:42:08,712 - INFO - Warning in iteration 45: One or more sample arguments is too small; all returned values will be NaN. See documentation for sample size requirements.
2025-01-24 15:42:08,761 - INFO - Warning in iteration 45: One or more sample arguments is too small; all returned values will be NaN. See documentation for sample size requirements.
2025-01-24 15:42:08,807 - INFO - Warning in iteration 45: One or more sample arguments is too small; all returned values will be NaN. See documentation for sample size requirements.
2025-01-24 15:42:08,853 - INFO - Warning in iteration 45: One or more sample arguments is too small; all returned values will be NaN. See documentation for sample size requirements.
2025-01-24 15:42:08,899 - INFO - Warning in iteration 45: One or more sample arguments is too small; all returned values will be NaN. See documentation for sample size requirements.
2025-01-24 15:42:08,947 - INFO - Warning in iteration 45: One or more sample arguments is too small; all returned values will be NaN. See documentation for sample size requirements.
2025-01-24 15:42:08,950 - INFO - For iteration 45, silhouette score is 0.9989143970986059
2025-01-24 15:42:08,951 - INFO - For iteration 45, pulse-to-noise ratio is 29.509556407299318
2025-01-24 15:42:08,951 - INFO - Using PNR as acceptance criterion
2025-01-24 15:42:08,951 - INFO - For iteration 45
2025-01-24 15:42:08,951 - INFO - cv_curr = 0
2025-01-24 15:42:08,951 - INFO - cv_prev = 0
2025-01-24 15:42:08,951 - INFO - Reason: cv_curr is 0
2025-01-24 15:42:08,964 - INFO - 
Iteration 46
2025-01-24 15:42:11,721 - INFO - Warning in iteration 46: One or more sample arguments is too small; all returned values will be NaN. See documentation for sample size requirements.
2025-01-24 15:42:11,765 - INFO - Warning in iteration 46: One or more sample arguments is too small; all returned values will be NaN. See documentation for sample size requirements.
2025-01-24 15:42:11,811 - INFO - Warning in iteration 46: One or more sample arguments is too small; all returned values will be NaN. See documentation for sample size requirements.
2025-01-24 15:42:11,854 - INFO - Warning in iteration 46: One or more sample arguments is too small; all returned values will be NaN. See documentation for sample size requirements.
2025-01-24 15:42:11,897 - INFO - Warning in iteration 46: One or more sample arguments is too small; all returned values will be NaN. See documentation for sample size requirements.
2025-01-24 15:42:11,940 - INFO - Warning in iteration 46: One or more sample arguments is too small; all returned values will be NaN. See documentation for sample size requirements.
2025-01-24 15:42:11,982 - INFO - Warning in iteration 46: One or more sample arguments is too small; all returned values will be NaN. See documentation for sample size requirements.
2025-01-24 15:42:12,037 - INFO - Warning in iteration 46: One or more sample arguments is too small; all returned values will be NaN. See documentation for sample size requirements.
2025-01-24 15:42:12,085 - INFO - Warning in iteration 46: One or more sample arguments is too small; all returned values will be NaN. See documentation for sample size requirements.
2025-01-24 15:42:12,128 - INFO - Warning in iteration 46: One or more sample arguments is too small; all returned values will be NaN. See documentation for sample size requirements.
2025-01-24 15:42:12,131 - INFO - For iteration 46, silhouette score is 0.9989021246256249
2025-01-24 15:42:12,132 - INFO - For iteration 46, pulse-to-noise ratio is 29.4740192269873
2025-01-24 15:42:12,133 - INFO - Using PNR as acceptance criterion
2025-01-24 15:42:12,133 - INFO - For iteration 46
2025-01-24 15:42:12,133 - INFO - cv_curr = 0
2025-01-24 15:42:12,133 - INFO - cv_prev = 0
2025-01-24 15:42:12,133 - INFO - Reason: cv_curr is 0
2025-01-24 15:42:12,142 - INFO - 
Iteration 47
2025-01-24 15:42:13,494 - INFO - Warning in iteration 47: One or more sample arguments is too small; all returned values will be NaN. See documentation for sample size requirements.
2025-01-24 15:42:13,538 - INFO - Warning in iteration 47: One or more sample arguments is too small; all returned values will be NaN. See documentation for sample size requirements.
2025-01-24 15:42:13,581 - INFO - Warning in iteration 47: One or more sample arguments is too small; all returned values will be NaN. See documentation for sample size requirements.
2025-01-24 15:42:13,623 - INFO - Warning in iteration 47: One or more sample arguments is too small; all returned values will be NaN. See documentation for sample size requirements.
2025-01-24 15:42:13,670 - INFO - Warning in iteration 47: One or more sample arguments is too small; all returned values will be NaN. See documentation for sample size requirements.
2025-01-24 15:42:13,715 - INFO - Warning in iteration 47: One or more sample arguments is too small; all returned values will be NaN. See documentation for sample size requirements.
2025-01-24 15:42:13,758 - INFO - Warning in iteration 47: One or more sample arguments is too small; all returned values will be NaN. See documentation for sample size requirements.
2025-01-24 15:42:13,801 - INFO - Warning in iteration 47: One or more sample arguments is too small; all returned values will be NaN. See documentation for sample size requirements.
2025-01-24 15:42:13,850 - INFO - Warning in iteration 47: One or more sample arguments is too small; all returned values will be NaN. See documentation for sample size requirements.
2025-01-24 15:42:13,894 - INFO - Warning in iteration 47: One or more sample arguments is too small; all returned values will be NaN. See documentation for sample size requirements.
2025-01-24 15:42:13,898 - INFO - For iteration 47, silhouette score is 0.9990127048402575
2025-01-24 15:42:13,899 - INFO - For iteration 47, pulse-to-noise ratio is 29.93994564889054
2025-01-24 15:42:13,899 - INFO - Using PNR as acceptance criterion
2025-01-24 15:42:13,899 - INFO - For iteration 47
2025-01-24 15:42:13,899 - INFO - cv_curr = 0
2025-01-24 15:42:13,899 - INFO - cv_prev = 0
2025-01-24 15:42:13,900 - INFO - Reason: cv_curr is 0
2025-01-24 15:42:13,911 - INFO - 
Iteration 48
2025-01-24 15:42:18,682 - INFO - For iteration 48, silhouette score is 0.923713333445445
2025-01-24 15:42:18,683 - INFO - For iteration 48, pulse-to-noise ratio is 11.414464912441371
2025-01-24 15:42:18,683 - INFO - Using PNR as acceptance criterion
2025-01-24 15:42:18,683 - INFO - For iteration 48
2025-01-24 15:42:18,684 - INFO - cv_curr = 1.6876882528950634
2025-01-24 15:42:18,684 - INFO - cv_prev = 1.3193461246684375
2025-01-24 15:42:18,684 - INFO - Reason: score is below threshold
2025-01-24 15:42:18,696 - INFO - 
Iteration 49
2025-01-24 15:42:25,713 - INFO - For iteration 49, silhouette score is 0.9343571753790418
2025-01-24 15:42:25,714 - INFO - For iteration 49, pulse-to-noise ratio is 12.426678048334374
2025-01-24 15:42:25,714 - INFO - Using PNR as acceptance criterion
2025-01-24 15:42:25,715 - INFO - For iteration 49
2025-01-24 15:42:25,715 - INFO - cv_curr = 0.9127738688813066
2025-01-24 15:42:25,715 - INFO - cv_prev = 0.7230201243107592
2025-01-24 15:42:25,715 - INFO - Reason: score is below threshold
2025-01-24 15:42:25,870 - INFO - The shape of B is (1088, 7)
2025-01-24 15:42:25,870 - INFO - The shape of MUPulses is (7,)
2025-01-24 15:42:25,872 - INFO - The new PNR is [25.88630525 22.6540115  26.39087198 25.14162289 23.0445999  26.47328869
 22.36036753]
2025-01-24 15:42:25,873 - INFO - The new SIL is [0.99664086 0.99359152 0.9969255  0.99612321 0.99410047 0.99703064
 0.99341136]
